#
# There is insufficient memory for the Java Runtime Environment to continue.
# Native memory allocation (malloc) failed to allocate 1048576 bytes. Error detail: AllocateHeap
# Possible reasons:
#   The system is out of physical RAM or swap space
#   This process is running with CompressedOops enabled, and the Java Heap may be blocking the growth of the native heap
# Possible solutions:
#   Reduce memory load on the system
#   Increase physical memory or swap space
#   Check if swap backing store is full
#   Decrease Java heap size (-Xmx/-Xms)
#   Decrease number of Java threads
#   Decrease Java thread stack sizes (-Xss)
#   Set larger code cache with -XX:ReservedCodeCacheSize=
#   JVM is running with Unscaled Compressed Oops mode in which the Java heap is
#     placed in the first 4GB address space. The Java Heap base address is the
#     maximum limit for the native heap growth. Please use -XX:HeapBaseMinAddress
#     to set the Java Heap base and to place the Java Heap above 4GB virtual address.
# This output file may be truncated or incomplete.
#
#  Out of Memory Error (allocation.cpp:44), pid=23756, tid=22328
#
# JRE version: OpenJDK Runtime Environment Temurin-21.0.9+10 (21.0.9+10) (build 21.0.9+10-LTS)
# Java VM: OpenJDK 64-Bit Server VM Temurin-21.0.9+10 (21.0.9+10-LTS, mixed mode, sharing, tiered, compressed oops, compressed class ptrs, parallel gc, windows-amd64)
# No core dump will be written. Minidumps are not enabled by default on client versions of Windows
#

---------------  S U M M A R Y ------------

Command Line: --add-modules=ALL-SYSTEM --add-opens=java.base/java.util=ALL-UNNAMED --add-opens=java.base/java.lang=ALL-UNNAMED --add-opens=java.base/sun.nio.fs=ALL-UNNAMED -Declipse.application=org.eclipse.jdt.ls.core.id1 -Dosgi.bundles.defaultStartLevel=4 -Declipse.product=org.eclipse.jdt.ls.core.product -Djava.import.generatesMetadataFilesAtProjectRoot=false -DDetectVMInstallationsJob.disabled=true -Dfile.encoding=utf8 -XX:+UseParallelGC -XX:GCTimeRatio=4 -XX:AdaptiveSizePolicyWeight=90 -Dsun.zip.disableMemoryMapping=true -Xmx2G -Xms100m -Xlog:disable -javaagent:c:\Users\Student\.vscode\extensions\redhat.java-1.52.0-win32-x64\lombok\lombok-1.18.39-4050.jar -XX:+HeapDumpOnOutOfMemoryError -XX:HeapDumpPath=c:\Users\Student\AppData\Roaming\Code\User\workspaceStorage\e046384e3b6ba57a321a5f191021faef\redhat.java -Daether.dependencyCollector.impl=bf c:\Users\Student\.vscode\extensions\redhat.java-1.52.0-win32-x64\server\plugins\org.eclipse.equinox.launcher_1.7.100.v20251111-0406.jar -configuration c:\Users\Student\AppData\Roaming\Code\User\globalStorage\redhat.java\1.52.0\config_win -data c:\Users\Student\AppData\Roaming\Code\User\workspaceStorage\e046384e3b6ba57a321a5f191021faef\redhat.java\jdt_ws --pipe=\\.\pipe\lsp-e35999b764e7042667d89f23689b2696-sock

Host: Intel(R) Pentium(R) Silver N6000 @ 1.10GHz, 4 cores, 7G,  Windows 11 , 64 bit Build 26100 (10.0.26100.7705)
Time: Mon Feb 23 08:13:12 2026 South Africa Standard Time elapsed time: 77434.828197 seconds (0d 21h 30m 34s)

---------------  T H R E A D  ---------------

Current thread (0x000001f6a63806a0):  JavaThread "Attach Listener" daemon [_thread_in_vm, id=22328, stack(0x0000007388f00000,0x0000007389000000) (1024K)]

Stack: [0x0000007388f00000,0x0000007389000000]
Native frames: (J=compiled Java code, j=interpreted, Vv=VM code, C=native code)
V  [jvm.dll+0x6d6e29]
V  [jvm.dll+0x8b4b76]
V  [jvm.dll+0x8b712e]
V  [jvm.dll+0x8b7813]
V  [jvm.dll+0x283d86]
V  [jvm.dll+0xc1277]
V  [jvm.dll+0x6d76d9]
V  [jvm.dll+0x133466]
V  [jvm.dll+0x3f7ea6]
V  [jvm.dll+0x85e9ad]
V  [jvm.dll+0x6d565d]
C  [ucrtbase.dll+0x37b0]
C  [KERNEL32.DLL+0x2e8d7]
C  [ntdll.dll+0x8c40c]


---------------  P R O C E S S  ---------------

Threads class SMR info:
_java_thread_list=0x000001f68493a550, length=46, elements={
0x000001f6a648b850, 0x000001f6a6379cc0, 0x000001f6a637cfa0, 0x000001f6a637fa50,
0x000001f6a63806a0, 0x000001f6a6383100, 0x000001f6a6383b50, 0x000001f6a6386990,
0x000001f6a64014f0, 0x000001f6fec3ad20, 0x000001f6fed503d0, 0x000001f6ff180e70,
0x000001f6ff3b2f70, 0x000001f6fefa15a0, 0x000001f6feb6a960, 0x000001f6ff455980,
0x000001f6847757e0, 0x000001f6840e0030, 0x000001f684423080, 0x000001f684421640,
0x000001f6866e7c40, 0x000001f6866e9680, 0x000001f6866ebde0, 0x000001f6866eaa30,
0x000001f6866eb0c0, 0x000001f6866eb750, 0x000001f6866ea3a0, 0x000001f6866ec470,
0x000001f6862e6050, 0x000001f684423da0, 0x000001f684422360, 0x000001f6866e8960,
0x000001f684dc0040, 0x000001f684dc06d0, 0x000001f687aca530, 0x000001f6862e4ca0,
0x000001f6862e4610, 0x000001f684dc13f0, 0x000001f684dbdf70, 0x000001f684dbe600,
0x000001f687acb250, 0x000001f6866e9d10, 0x000001f6866e82d0, 0x000001f687ac7740,
0x000001f687ac7dd0, 0x000001f684dc2110
}

Java Threads: ( => current thread )
  0x000001f6a648b850 JavaThread "main"                              [_thread_blocked, id=9316, stack(0x0000007388800000,0x0000007388900000) (1024K)]
  0x000001f6a6379cc0 JavaThread "Reference Handler"          daemon [_thread_blocked, id=1940, stack(0x0000007388c00000,0x0000007388d00000) (1024K)]
  0x000001f6a637cfa0 JavaThread "Finalizer"                  daemon [_thread_blocked, id=24316, stack(0x0000007388d00000,0x0000007388e00000) (1024K)]
  0x000001f6a637fa50 JavaThread "Signal Dispatcher"          daemon [_thread_blocked, id=23056, stack(0x0000007388e00000,0x0000007388f00000) (1024K)]
=>0x000001f6a63806a0 JavaThread "Attach Listener"            daemon [_thread_in_vm, id=22328, stack(0x0000007388f00000,0x0000007389000000) (1024K)]
  0x000001f6a6383100 JavaThread "Service Thread"             daemon [_thread_blocked, id=18356, stack(0x0000007389000000,0x0000007389100000) (1024K)]
  0x000001f6a6383b50 JavaThread "Monitor Deflation Thread"   daemon [_thread_blocked, id=25356, stack(0x0000007389100000,0x0000007389200000) (1024K)]
  0x000001f6a6386990 JavaThread "C2 CompilerThread0"         daemon [_thread_blocked, id=16404, stack(0x0000007389200000,0x0000007389300000) (1024K)]
  0x000001f6a64014f0 JavaThread "C1 CompilerThread0"         daemon [_thread_blocked, id=24764, stack(0x0000007389300000,0x0000007389400000) (1024K)]
  0x000001f6fec3ad20 JavaThread "Common-Cleaner"             daemon [_thread_blocked, id=22648, stack(0x0000007389400000,0x0000007389500000) (1024K)]
  0x000001f6fed503d0 JavaThread "Notification Thread"        daemon [_thread_blocked, id=22756, stack(0x0000007389500000,0x0000007389600000) (1024K)]
  0x000001f6ff180e70 JavaThread "Active Thread: Equinox Container: 199ec449-0b44-4b37-8e2f-b24fb68594b8"        [_thread_blocked, id=18052, stack(0x0000007389600000,0x0000007389700000) (1024K)]
  0x000001f6ff3b2f70 JavaThread "Refresh Thread: Equinox Container: 199ec449-0b44-4b37-8e2f-b24fb68594b8" daemon [_thread_blocked, id=14652, stack(0x0000007389a00000,0x0000007389b00000) (1024K)]
  0x000001f6fefa15a0 JavaThread "Framework Event Dispatcher: Equinox Container: 199ec449-0b44-4b37-8e2f-b24fb68594b8" daemon [_thread_blocked, id=20776, stack(0x0000007389b00000,0x0000007389c00000) (1024K)]
  0x000001f6feb6a960 JavaThread "Start Level: Equinox Container: 199ec449-0b44-4b37-8e2f-b24fb68594b8" daemon [_thread_blocked, id=24588, stack(0x0000007389c00000,0x0000007389d00000) (1024K)]
  0x000001f6ff455980 JavaThread "Bundle File Closer"         daemon [_thread_blocked, id=19320, stack(0x0000007389d00000,0x0000007389e00000) (1024K)]
  0x000001f6847757e0 JavaThread "SCR Component Actor"        daemon [_thread_blocked, id=23744, stack(0x0000007388600000,0x0000007388700000) (1024K)]
  0x000001f6840e0030 JavaThread "Worker-JM"                         [_thread_blocked, id=21308, stack(0x0000007388700000,0x0000007388800000) (1024K)]
  0x000001f684423080 JavaThread "Java indexing"              daemon [_thread_blocked, id=10056, stack(0x000000738a400000,0x000000738a500000) (1024K)]
  0x000001f684421640 JavaThread "JNA Cleaner"                daemon [_thread_blocked, id=19792, stack(0x000000738a200000,0x000000738a300000) (1024K)]
  0x000001f6866e7c40 JavaThread "Thread-1"                   daemon [_thread_in_native, id=20516, stack(0x000000738ab00000,0x000000738ac00000) (1024K)]
  0x000001f6866e9680 JavaThread "Thread-2"                   daemon [_thread_in_native, id=20332, stack(0x000000738ac00000,0x000000738ad00000) (1024K)]
  0x000001f6866ebde0 JavaThread "Thread-3"                   daemon [_thread_in_native, id=23240, stack(0x000000738ad00000,0x000000738ae00000) (1024K)]
  0x000001f6866eaa30 JavaThread "Thread-4"                   daemon [_thread_in_native, id=18328, stack(0x000000738ae00000,0x000000738af00000) (1024K)]
  0x000001f6866eb0c0 JavaThread "Thread-5"                   daemon [_thread_in_native, id=22184, stack(0x000000738af00000,0x000000738b000000) (1024K)]
  0x000001f6866eb750 JavaThread "pool-2-thread-1"                   [_thread_blocked, id=19236, stack(0x000000738b000000,0x000000738b100000) (1024K)]
  0x000001f6866ea3a0 JavaThread "WorkspaceEventsHandler"            [_thread_blocked, id=19996, stack(0x000000738b100000,0x000000738b200000) (1024K)]
  0x000001f6866ec470 JavaThread "pool-1-thread-1"                   [_thread_blocked, id=19380, stack(0x000000738b200000,0x000000738b300000) (1024K)]
  0x000001f6862e6050 JavaThread "Cleaner-0"                  daemon [_thread_blocked, id=24904, stack(0x000000738a900000,0x000000738aa00000) (1024K)]
  0x000001f684423da0 JavaThread "Java Debug Server"          daemon [_thread_in_native, id=22544, stack(0x000000738b400000,0x000000738b500000) (1024K)]
  0x000001f684422360 JavaThread "RxSchedulerPurge-1"         daemon [_thread_blocked, id=15988, stack(0x000000738b600000,0x000000738b700000) (1024K)]
  0x000001f6866e8960 JavaThread "RxCachedWorkerPoolEvictor-1" daemon [_thread_blocked, id=8656, stack(0x000000738b700000,0x000000738b800000) (1024K)]
  0x000001f684dc0040 JavaThread "Worker-24"                         [_thread_blocked, id=22588, stack(0x000000738a700000,0x000000738a800000) (1024K)]
  0x000001f684dc06d0 JavaThread "Worker-25"                         [_thread_blocked, id=16604, stack(0x000000738a600000,0x000000738a700000) (1024K)]
  0x000001f687aca530 JavaThread "pool-3-thread-6"                   [_thread_in_native, id=24952, stack(0x000000738aa00000,0x000000738ab00000) (1024K)]
  0x000001f6862e4ca0 JavaThread "process reaper (pid 21152)" daemon [_thread_in_native, id=22988, stack(0x00000073883a0000,0x00000073883c0000) (128K)]
  0x000001f6862e4610 JavaThread "RxNewThreadScheduler-19"    daemon [_thread_blocked, id=19800, stack(0x000000738b800000,0x000000738b900000) (1024K)]
  0x000001f684dc13f0 JavaThread "pool-3-thread-7"                   [_thread_in_native, id=6892, stack(0x000000738a500000,0x000000738a600000) (1024K)]
  0x000001f684dbdf70 JavaThread "RxNewThreadScheduler-21"    daemon [_thread_blocked, id=11980, stack(0x000000738b300000,0x000000738b400000) (1024K)]
  0x000001f684dbe600 JavaThread "process reaper (pid 1172)"  daemon [_thread_in_native, id=18352, stack(0x00000073883c0000,0x00000073883e0000) (128K)]
  0x000001f687acb250 JavaThread "pool-3-thread-8"                   [_thread_in_native, id=1820, stack(0x000000738b500000,0x000000738b600000) (1024K)]
  0x000001f6866e9d10 JavaThread "RxNewThreadScheduler-23"    daemon [_thread_blocked, id=19044, stack(0x000000738b900000,0x000000738ba00000) (1024K)]
  0x000001f6866e82d0 JavaThread "process reaper (pid 24884)" daemon [_thread_in_native, id=19476, stack(0x00000073883e0000,0x0000007388400000) (128K)]
  0x000001f687ac7740 JavaThread "pool-3-thread-11"                  [_thread_in_native, id=10576, stack(0x000000738a100000,0x000000738a200000) (1024K)]
  0x000001f687ac7dd0 JavaThread "RxNewThreadScheduler-29"    daemon [_thread_blocked, id=18900, stack(0x000000738a300000,0x000000738a400000) (1024K)]
  0x000001f684dc2110 JavaThread "process reaper (pid 23628)" daemon [_thread_in_native, id=25384, stack(0x000000738a800000,0x000000738a820000) (128K)]
Total: 46

Other Threads:
  0x000001f6a654c2e0 VMThread "VM Thread"                           [id=24092, stack(0x0000007388b00000,0x0000007388c00000) (1024K)]
  0x000001f6a631cb00 WatcherThread "VM Periodic Task Thread"        [id=21680, stack(0x0000007388a00000,0x0000007388b00000) (1024K)]
  0x000001f6a64aba60 WorkerThread "GC Thread#0"                     [id=20792, stack(0x0000007388900000,0x0000007388a00000) (1024K)]
  0x000001f6ff079a90 WorkerThread "GC Thread#1"                     [id=25168, stack(0x0000007389700000,0x0000007389800000) (1024K)]
  0x000001f6ff079e30 WorkerThread "GC Thread#2"                     [id=25064, stack(0x0000007389800000,0x0000007389900000) (1024K)]
  0x000001f6ff051a90 WorkerThread "GC Thread#3"                     [id=21540, stack(0x0000007389900000,0x0000007389a00000) (1024K)]
Total: 6

Threads with active compile tasks:
Total: 0

VM state: not at safepoint (normal execution)

VM Mutex/Monitor currently owned by a thread: None

Heap address: 0x0000000080000000, size: 2048 MB, Compressed Oops mode: 32-bit

CDS archive(s) mapped at: [0x000001f6bd000000-0x000001f6bdba0000-0x000001f6bdba0000), size 12189696, SharedBaseAddress: 0x000001f6bd000000, ArchiveRelocationMode: 1.
Compressed class space mapped at: 0x000001f6be000000-0x000001f6fe000000, reserved size: 1073741824
Narrow klass base: 0x000001f6bd000000, Narrow klass shift: 0, Narrow klass range: 0x100000000

GC Precious Log:
 CardTable entry size: 512
 CPUs: 4 total, 4 available
 Memory: 7985M
 Large Page Support: Disabled
 NUMA Support: Disabled
 Compressed Oops: Enabled (32-bit)
 Alignments: Space 512K, Generation 512K, Heap 2M
 Heap Min Capacity: 100M
 Heap Initial Capacity: 100M
 Heap Max Capacity: 2G
 Pre-touch: Disabled
 Parallel Workers: 4

Heap:
 PSYoungGen      total 3072K, used 2530K [0x00000000d5580000, 0x00000000d5980000, 0x0000000100000000)
  eden space 2560K, 97% used [0x00000000d5580000,0x00000000d57f0a20,0x00000000d5800000)
  from space 512K, 6% used [0x00000000d5880000,0x00000000d5888000,0x00000000d5900000)
  to   space 512K, 0% used [0x00000000d5900000,0x00000000d5900000,0x00000000d5980000)
 ParOldGen       total 1117696K, used 1117306K [0x0000000080000000, 0x00000000c4380000, 0x00000000d5580000)
  object space 1117696K, 99% used [0x0000000080000000,0x00000000c431eae8,0x00000000c4380000)
 Metaspace       used 93206K, committed 94784K, reserved 1179648K
  class space    used 9387K, committed 10176K, reserved 1048576K

Card table byte_map: [0x000001f6a5e30000,0x000001f6a6240000] _byte_map_base: 0x000001f6a5a30000

Marking Bits: (ParMarkBitMap*) 0x00007ffc79612460
 Begin Bits: [0x000001f6b8940000, 0x000001f6ba940000)
 End Bits:   [0x000001f6ba940000, 0x000001f6bc940000)

Polling page: 0x000001f6a4120000

Metaspace:

Usage:
  Non-class:     81.86 MB used.
      Class:      9.17 MB used.
       Both:     91.02 MB used.

Virtual space:
  Non-class space:      128.00 MB reserved,      82.62 MB ( 65%) committed,  2 nodes.
      Class space:        1.00 GB reserved,       9.94 MB ( <1%) committed,  1 nodes.
             Both:        1.12 GB reserved,      92.56 MB (  8%) committed. 

Chunk freelists:
   Non-Class:  13.28 MB
       Class:  6.08 MB
        Both:  19.36 MB

MaxMetaspaceSize: unlimited
CompressedClassSpaceSize: 1.00 GB
Initial GC threshold: 21.00 MB
Current GC threshold: 152.00 MB
CDS: on
 - commit_granule_bytes: 65536.
 - commit_granule_words: 8192.
 - virtual_space_node_default_size: 8388608.
 - enlarge_chunks_in_place: 1.
 - use_allocation_guard: 0.


Internal statistics:

num_allocs_failed_limit: 9.
num_arena_births: 1878.
num_arena_deaths: 468.
num_vsnodes_births: 3.
num_vsnodes_deaths: 0.
num_space_committed: 1481.
num_space_uncommitted: 0.
num_chunks_returned_to_freelist: 551.
num_chunks_taken_from_freelist: 6745.
num_chunk_merges: 125.
num_chunk_splits: 3828.
num_chunks_enlarged: 2085.
num_inconsistent_stats: 0.

CodeHeap 'non-profiled nmethods': size=120000Kb used=30574Kb max_used=30574Kb free=89425Kb
 bounds [0x000001f6b1160000, 0x000001f6b2f40000, 0x000001f6b8690000]
CodeHeap 'profiled nmethods': size=120000Kb used=44743Kb max_used=49717Kb free=75257Kb
 bounds [0x000001f6a9690000, 0x000001f6ac720000, 0x000001f6b0bc0000]
CodeHeap 'non-nmethods': size=5760Kb used=1536Kb max_used=1601Kb free=4223Kb
 bounds [0x000001f6b0bc0000, 0x000001f6b0e30000, 0x000001f6b1160000]
CodeCache: size=245760Kb, used=76853Kb, max_used=81892Kb, free=168905Kb
 total_blobs=19508, nmethods=18647, adapters=763, full_count=0
Compilation: enabled, stopped_count=0, restarted_count=0

Compilation events (20 events):
Event: 47828.862 Thread 0x000001f6a6386990 26088   !   4       org.eclipse.jdt.ls.core.internal.handlers.InlayHintsHandler::inlayHint (225 bytes)
Event: 47829.066 Thread 0x000001f6a6386990 nmethod 26088 0x000001f6b2f35310 code [0x000001f6b2f35780, 0x000001f6b2f37c10]
Event: 47829.066 Thread 0x000001f6a6386990 26089       4       org.eclipse.jdt.ls.core.internal.handlers.JDTLanguageServer$$Lambda/0x000001f6be71c220::apply (16 bytes)
Event: 47829.069 Thread 0x000001f6a6386990 nmethod 26089 0x000001f6b2f39c90 code [0x000001f6b2f39e40, 0x000001f6b2f39fe0]
Event: 47831.300 Thread 0x000001f6a64014f0 26090   !   3       java.io.PrintStream::flush (60 bytes)
Event: 47831.312 Thread 0x000001f6a64014f0 nmethod 26090 0x000001f6ac57c990 code [0x000001f6ac57cca0, 0x000001f6ac57de00]
Event: 47835.087 Thread 0x000001f6a6386990 26091       4       org.eclipse.jdt.internal.core.util.Util::toUnresolvedTypeSignature (49 bytes)
Event: 47835.108 Thread 0x000001f6a6386990 nmethod 26091 0x000001f6b2f3a190 code [0x000001f6b2f3a340, 0x000001f6b2f3a678]
Event: 47837.687 Thread 0x000001f6a64014f0 26092       3       java.time.ZonedDateTime::<init> (20 bytes)
Event: 47837.689 Thread 0x000001f6a64014f0 nmethod 26092 0x000001f6a97f9b90 code [0x000001f6a97f9d40, 0x000001f6a97f9ee8]
Event: 47847.526 Thread 0x000001f6a6386990 26093   !   4       org.eclipse.jdt.internal.compiler.ast.BinaryExpression::computeConstant (100 bytes)
Event: 47847.544 Thread 0x000001f6a6386990 nmethod 26093 0x000001f6b2f3a890 code [0x000001f6b2f3aaa0, 0x000001f6b2f3aef0]
Event: 47847.926 Thread 0x000001f6a6386990 26094       4       org.eclipse.jdt.internal.compiler.ast.MessageSend::cleanUpInferenceContexts (60 bytes)
Event: 47847.929 Thread 0x000001f6a6386990 nmethod 26094 0x000001f6b2f3b290 code [0x000001f6b2f3b420, 0x000001f6b2f3b4c8]
Event: 77129.915 Thread 0x000001f6a64014f0 26095 % !   3       java.util.concurrent.ThreadPoolExecutor::runWorker @ 21 (187 bytes)
Event: 77130.078 Thread 0x000001f6a64014f0 nmethod 26095% 0x000001f6ac635010 code [0x000001f6ac635360, 0x000001f6ac636960]
Event: 77130.116 Thread 0x000001f6a64014f0 26096   !   3       java.util.concurrent.ThreadPoolExecutor::runWorker (187 bytes)
Event: 77130.118 Thread 0x000001f6a64014f0 nmethod 26096 0x000001f6aae9af10 code [0x000001f6aae9b240, 0x000001f6aae9c588]
Event: 77130.162 Thread 0x000001f6a6386990 26097       4       java.util.concurrent.ThreadPoolExecutor$Worker::tryRelease (12 bytes)
Event: 77130.170 Thread 0x000001f6a6386990 nmethod 26097 0x000001f6b2f3b590 code [0x000001f6b2f3b720, 0x000001f6b2f3b7b8]

GC Heap History (20 events):
Event: 47847.530 GC heap before
{Heap before GC invocations=7514 (full 6):
 PSYoungGen      total 3072K, used 2688K [0x00000000d5580000, 0x00000000d5980000, 0x0000000100000000)
  eden space 2560K, 100% used [0x00000000d5580000,0x00000000d5800000,0x00000000d5800000)
  from space 512K, 25% used [0x00000000d5880000,0x00000000d58a0000,0x00000000d5900000)
  to   space 512K, 0% used [0x00000000d5900000,0x00000000d5900000,0x00000000d5980000)
 ParOldGen       total 1116160K, used 1116094K [0x0000000080000000, 0x00000000c4200000, 0x00000000d5580000)
  object space 1116160K, 99% used [0x0000000080000000,0x00000000c41efbc8,0x00000000c4200000)
 Metaspace       used 93204K, committed 94784K, reserved 1179648K
  class space    used 9387K, committed 10176K, reserved 1048576K
}
Event: 47847.538 GC heap after
{Heap after GC invocations=7514 (full 6):
 PSYoungGen      total 3072K, used 512K [0x00000000d5580000, 0x00000000d5a00000, 0x0000000100000000)
  eden space 2560K, 0% used [0x00000000d5580000,0x00000000d5580000,0x00000000d5800000)
  from space 512K, 100% used [0x00000000d5900000,0x00000000d5980000,0x00000000d5980000)
  to   space 1024K, 0% used [0x00000000d5800000,0x00000000d5800000,0x00000000d5900000)
 ParOldGen       total 1116160K, used 1116110K [0x0000000080000000, 0x00000000c4200000, 0x00000000d5580000)
  object space 1116160K, 99% used [0x0000000080000000,0x00000000c41f3bc8,0x00000000c4200000)
 Metaspace       used 93204K, committed 94784K, reserved 1179648K
  class space    used 9387K, committed 10176K, reserved 1048576K
}
Event: 47847.930 GC heap before
{Heap before GC invocations=7515 (full 6):
 PSYoungGen      total 3072K, used 3072K [0x00000000d5580000, 0x00000000d5a00000, 0x0000000100000000)
  eden space 2560K, 100% used [0x00000000d5580000,0x00000000d5800000,0x00000000d5800000)
  from space 512K, 100% used [0x00000000d5900000,0x00000000d5980000,0x00000000d5980000)
  to   space 1024K, 0% used [0x00000000d5800000,0x00000000d5800000,0x00000000d5900000)
 ParOldGen       total 1116160K, used 1116110K [0x0000000080000000, 0x00000000c4200000, 0x00000000d5580000)
  object space 1116160K, 99% used [0x0000000080000000,0x00000000c41f3bc8,0x00000000c4200000)
 Metaspace       used 93204K, committed 94784K, reserved 1179648K
  class space    used 9387K, committed 10176K, reserved 1048576K
}
Event: 47847.938 GC heap after
{Heap after GC invocations=7515 (full 6):
 PSYoungGen      total 3584K, used 160K [0x00000000d5580000, 0x00000000d5980000, 0x0000000100000000)
  eden space 2560K, 0% used [0x00000000d5580000,0x00000000d5580000,0x00000000d5800000)
  from space 1024K, 15% used [0x00000000d5800000,0x00000000d5828000,0x00000000d5900000)
  to   space 512K, 0% used [0x00000000d5900000,0x00000000d5900000,0x00000000d5980000)
 ParOldGen       total 1116672K, used 1116572K [0x0000000080000000, 0x00000000c4280000, 0x00000000d5580000)
  object space 1116672K, 99% used [0x0000000080000000,0x00000000c4267078,0x00000000c4280000)
 Metaspace       used 93204K, committed 94784K, reserved 1179648K
  class space    used 9387K, committed 10176K, reserved 1048576K
}
Event: 47850.336 GC heap before
{Heap before GC invocations=7516 (full 6):
 PSYoungGen      total 3584K, used 2720K [0x00000000d5580000, 0x00000000d5980000, 0x0000000100000000)
  eden space 2560K, 100% used [0x00000000d5580000,0x00000000d5800000,0x00000000d5800000)
  from space 1024K, 15% used [0x00000000d5800000,0x00000000d5828000,0x00000000d5900000)
  to   space 512K, 0% used [0x00000000d5900000,0x00000000d5900000,0x00000000d5980000)
 ParOldGen       total 1116672K, used 1116572K [0x0000000080000000, 0x00000000c4280000, 0x00000000d5580000)
  object space 1116672K, 99% used [0x0000000080000000,0x00000000c4267078,0x00000000c4280000)
 Metaspace       used 93204K, committed 94784K, reserved 1179648K
  class space    used 9387K, committed 10176K, reserved 1048576K
}
Event: 47850.341 GC heap after
{Heap after GC invocations=7516 (full 6):
 PSYoungGen      total 3072K, used 128K [0x00000000d5580000, 0x00000000d5980000, 0x0000000100000000)
  eden space 2560K, 0% used [0x00000000d5580000,0x00000000d5580000,0x00000000d5800000)
  from space 512K, 25% used [0x00000000d5900000,0x00000000d5920000,0x00000000d5980000)
  to   space 512K, 0% used [0x00000000d5880000,0x00000000d5880000,0x00000000d5900000)
 ParOldGen       total 1116672K, used 1116660K [0x0000000080000000, 0x00000000c4280000, 0x00000000d5580000)
  object space 1116672K, 99% used [0x0000000080000000,0x00000000c427d078,0x00000000c4280000)
 Metaspace       used 93204K, committed 94784K, reserved 1179648K
  class space    used 9387K, committed 10176K, reserved 1048576K
}
Event: 47877.090 GC heap before
{Heap before GC invocations=7517 (full 6):
 PSYoungGen      total 3072K, used 2688K [0x00000000d5580000, 0x00000000d5980000, 0x0000000100000000)
  eden space 2560K, 100% used [0x00000000d5580000,0x00000000d5800000,0x00000000d5800000)
  from space 512K, 25% used [0x00000000d5900000,0x00000000d5920000,0x00000000d5980000)
  to   space 512K, 0% used [0x00000000d5880000,0x00000000d5880000,0x00000000d5900000)
 ParOldGen       total 1116672K, used 1116660K [0x0000000080000000, 0x00000000c4280000, 0x00000000d5580000)
  object space 1116672K, 99% used [0x0000000080000000,0x00000000c427d078,0x00000000c4280000)
 Metaspace       used 93204K, committed 94784K, reserved 1179648K
  class space    used 9387K, committed 10176K, reserved 1048576K
}
Event: 47877.100 GC heap after
{Heap after GC invocations=7517 (full 6):
 PSYoungGen      total 3072K, used 464K [0x00000000d5580000, 0x00000000d5a00000, 0x0000000100000000)
  eden space 2560K, 0% used [0x00000000d5580000,0x00000000d5580000,0x00000000d5800000)
  from space 512K, 90% used [0x00000000d5880000,0x00000000d58f4010,0x00000000d5900000)
  to   space 1024K, 0% used [0x00000000d5900000,0x00000000d5900000,0x00000000d5a00000)
 ParOldGen       total 1117184K, used 1116684K [0x0000000080000000, 0x00000000c4300000, 0x00000000d5580000)
  object space 1117184K, 99% used [0x0000000080000000,0x00000000c4283078,0x00000000c4300000)
 Metaspace       used 93204K, committed 94784K, reserved 1179648K
  class space    used 9387K, committed 10176K, reserved 1048576K
}
Event: 47877.444 GC heap before
{Heap before GC invocations=7518 (full 6):
 PSYoungGen      total 3072K, used 3023K [0x00000000d5580000, 0x00000000d5a00000, 0x0000000100000000)
  eden space 2560K, 99% used [0x00000000d5580000,0x00000000d57fffe8,0x00000000d5800000)
  from space 512K, 90% used [0x00000000d5880000,0x00000000d58f4010,0x00000000d5900000)
  to   space 1024K, 0% used [0x00000000d5900000,0x00000000d5900000,0x00000000d5a00000)
 ParOldGen       total 1117184K, used 1116684K [0x0000000080000000, 0x00000000c4300000, 0x00000000d5580000)
  object space 1117184K, 99% used [0x0000000080000000,0x00000000c4283078,0x00000000c4300000)
 Metaspace       used 93204K, committed 94784K, reserved 1179648K
  class space    used 9387K, committed 10176K, reserved 1048576K
}
Event: 47877.496 GC heap after
{Heap after GC invocations=7518 (full 6):
 PSYoungGen      total 3584K, used 512K [0x00000000d5580000, 0x00000000d5a00000, 0x0000000100000000)
  eden space 2560K, 0% used [0x00000000d5580000,0x00000000d5580000,0x00000000d5800000)
  from space 1024K, 50% used [0x00000000d5900000,0x00000000d5980020,0x00000000d5a00000)
  to   space 1024K, 0% used [0x00000000d5800000,0x00000000d5800000,0x00000000d5900000)
 ParOldGen       total 1117184K, used 1117098K [0x0000000080000000, 0x00000000c4300000, 0x00000000d5580000)
  object space 1117184K, 99% used [0x0000000080000000,0x00000000c42eaac8,0x00000000c4300000)
 Metaspace       used 93204K, committed 94784K, reserved 1179648K
  class space    used 9387K, committed 10176K, reserved 1048576K
}
Event: 47877.512 GC heap before
{Heap before GC invocations=7519 (full 6):
 PSYoungGen      total 3584K, used 3072K [0x00000000d5580000, 0x00000000d5a00000, 0x0000000100000000)
  eden space 2560K, 100% used [0x00000000d5580000,0x00000000d5800000,0x00000000d5800000)
  from space 1024K, 50% used [0x00000000d5900000,0x00000000d5980020,0x00000000d5a00000)
  to   space 1024K, 0% used [0x00000000d5800000,0x00000000d5800000,0x00000000d5900000)
 ParOldGen       total 1117184K, used 1117098K [0x0000000080000000, 0x00000000c4300000, 0x00000000d5580000)
  object space 1117184K, 99% used [0x0000000080000000,0x00000000c42eaac8,0x00000000c4300000)
 Metaspace       used 93204K, committed 94784K, reserved 1179648K
  class space    used 9387K, committed 10176K, reserved 1048576K
}
Event: 47877.517 GC heap after
{Heap after GC invocations=7519 (full 6):
 PSYoungGen      total 3584K, used 336K [0x00000000d5580000, 0x00000000d5980000, 0x0000000100000000)
  eden space 2560K, 0% used [0x00000000d5580000,0x00000000d5580000,0x00000000d5800000)
  from space 1024K, 32% used [0x00000000d5800000,0x00000000d5854010,0x00000000d5900000)
  to   space 512K, 0% used [0x00000000d5900000,0x00000000d5900000,0x00000000d5980000)
 ParOldGen       total 1117696K, used 1117234K [0x0000000080000000, 0x00000000c4380000, 0x00000000d5580000)
  object space 1117696K, 99% used [0x0000000080000000,0x00000000c430cae8,0x00000000c4380000)
 Metaspace       used 93204K, committed 94784K, reserved 1179648K
  class space    used 9387K, committed 10176K, reserved 1048576K
}
Event: 47878.334 GC heap before
{Heap before GC invocations=7520 (full 6):
 PSYoungGen      total 3584K, used 2895K [0x00000000d5580000, 0x00000000d5980000, 0x0000000100000000)
  eden space 2560K, 99% used [0x00000000d5580000,0x00000000d57fffa8,0x00000000d5800000)
  from space 1024K, 32% used [0x00000000d5800000,0x00000000d5854010,0x00000000d5900000)
  to   space 512K, 0% used [0x00000000d5900000,0x00000000d5900000,0x00000000d5980000)
 ParOldGen       total 1117696K, used 1117234K [0x0000000080000000, 0x00000000c4380000, 0x00000000d5580000)
  object space 1117696K, 99% used [0x0000000080000000,0x00000000c430cae8,0x00000000c4380000)
 Metaspace       used 93204K, committed 94784K, reserved 1179648K
  class space    used 9387K, committed 10176K, reserved 1048576K
}
Event: 47878.339 GC heap after
{Heap after GC invocations=7520 (full 6):
 PSYoungGen      total 3072K, used 96K [0x00000000d5580000, 0x00000000d5980000, 0x0000000100000000)
  eden space 2560K, 0% used [0x00000000d5580000,0x00000000d5580000,0x00000000d5800000)
  from space 512K, 18% used [0x00000000d5900000,0x00000000d5918000,0x00000000d5980000)
  to   space 512K, 0% used [0x00000000d5880000,0x00000000d5880000,0x00000000d5900000)
 ParOldGen       total 1117696K, used 1117250K [0x0000000080000000, 0x00000000c4380000, 0x00000000d5580000)
  object space 1117696K, 99% used [0x0000000080000000,0x00000000c4310ae8,0x00000000c4380000)
 Metaspace       used 93204K, committed 94784K, reserved 1179648K
  class space    used 9387K, committed 10176K, reserved 1048576K
}
Event: 77122.124 GC heap before
{Heap before GC invocations=7521 (full 6):
 PSYoungGen      total 3072K, used 2655K [0x00000000d5580000, 0x00000000d5980000, 0x0000000100000000)
  eden space 2560K, 99% used [0x00000000d5580000,0x00000000d57fffd8,0x00000000d5800000)
  from space 512K, 18% used [0x00000000d5900000,0x00000000d5918000,0x00000000d5980000)
  to   space 512K, 0% used [0x00000000d5880000,0x00000000d5880000,0x00000000d5900000)
 ParOldGen       total 1117696K, used 1117250K [0x0000000080000000, 0x00000000c4380000, 0x00000000d5580000)
  object space 1117696K, 99% used [0x0000000080000000,0x00000000c4310ae8,0x00000000c4380000)
 Metaspace       used 93204K, committed 94784K, reserved 1179648K
  class space    used 9387K, committed 10176K, reserved 1048576K
}
Event: 77125.293 GC heap after
{Heap after GC invocations=7521 (full 6):
 PSYoungGen      total 3072K, used 96K [0x00000000d5580000, 0x00000000d5980000, 0x0000000100000000)
  eden space 2560K, 0% used [0x00000000d5580000,0x00000000d5580000,0x00000000d5800000)
  from space 512K, 18% used [0x00000000d5880000,0x00000000d5898000,0x00000000d5900000)
  to   space 512K, 0% used [0x00000000d5900000,0x00000000d5900000,0x00000000d5980000)
 ParOldGen       total 1117696K, used 1117274K [0x0000000080000000, 0x00000000c4380000, 0x00000000d5580000)
  object space 1117696K, 99% used [0x0000000080000000,0x00000000c4316ae8,0x00000000c4380000)
 Metaspace       used 93204K, committed 94784K, reserved 1179648K
  class space    used 9387K, committed 10176K, reserved 1048576K
}
Event: 77129.883 GC heap before
{Heap before GC invocations=7522 (full 6):
 PSYoungGen      total 3072K, used 2656K [0x00000000d5580000, 0x00000000d5980000, 0x0000000100000000)
  eden space 2560K, 100% used [0x00000000d5580000,0x00000000d5800000,0x00000000d5800000)
  from space 512K, 18% used [0x00000000d5880000,0x00000000d5898000,0x00000000d5900000)
  to   space 512K, 0% used [0x00000000d5900000,0x00000000d5900000,0x00000000d5980000)
 ParOldGen       total 1117696K, used 1117274K [0x0000000080000000, 0x00000000c4380000, 0x00000000d5580000)
  object space 1117696K, 99% used [0x0000000080000000,0x00000000c4316ae8,0x00000000c4380000)
 Metaspace       used 93204K, committed 94784K, reserved 1179648K
  class space    used 9387K, committed 10176K, reserved 1048576K
}
Event: 77129.887 GC heap after
{Heap after GC invocations=7522 (full 6):
 PSYoungGen      total 3072K, used 64K [0x00000000d5580000, 0x00000000d5980000, 0x0000000100000000)
  eden space 2560K, 0% used [0x00000000d5580000,0x00000000d5580000,0x00000000d5800000)
  from space 512K, 12% used [0x00000000d5900000,0x00000000d5910000,0x00000000d5980000)
  to   space 512K, 0% used [0x00000000d5880000,0x00000000d5880000,0x00000000d5900000)
 ParOldGen       total 1117696K, used 1117290K [0x0000000080000000, 0x00000000c4380000, 0x00000000d5580000)
  object space 1117696K, 99% used [0x0000000080000000,0x00000000c431aae8,0x00000000c4380000)
 Metaspace       used 93204K, committed 94784K, reserved 1179648K
  class space    used 9387K, committed 10176K, reserved 1048576K
}
Event: 77130.029 GC heap before
{Heap before GC invocations=7523 (full 6):
 PSYoungGen      total 3072K, used 2624K [0x00000000d5580000, 0x00000000d5980000, 0x0000000100000000)
  eden space 2560K, 100% used [0x00000000d5580000,0x00000000d5800000,0x00000000d5800000)
  from space 512K, 12% used [0x00000000d5900000,0x00000000d5910000,0x00000000d5980000)
  to   space 512K, 0% used [0x00000000d5880000,0x00000000d5880000,0x00000000d5900000)
 ParOldGen       total 1117696K, used 1117290K [0x0000000080000000, 0x00000000c4380000, 0x00000000d5580000)
  object space 1117696K, 99% used [0x0000000080000000,0x00000000c431aae8,0x00000000c4380000)
 Metaspace       used 93204K, committed 94784K, reserved 1179648K
  class space    used 9387K, committed 10176K, reserved 1048576K
}
Event: 77130.035 GC heap after
{Heap after GC invocations=7523 (full 6):
 PSYoungGen      total 3072K, used 32K [0x00000000d5580000, 0x00000000d5980000, 0x0000000100000000)
  eden space 2560K, 0% used [0x00000000d5580000,0x00000000d5580000,0x00000000d5800000)
  from space 512K, 6% used [0x00000000d5880000,0x00000000d5888000,0x00000000d5900000)
  to   space 512K, 0% used [0x00000000d5900000,0x00000000d5900000,0x00000000d5980000)
 ParOldGen       total 1117696K, used 1117306K [0x0000000080000000, 0x00000000c4380000, 0x00000000d5580000)
  object space 1117696K, 99% used [0x0000000080000000,0x00000000c431eae8,0x00000000c4380000)
 Metaspace       used 93204K, committed 94784K, reserved 1179648K
  class space    used 9387K, committed 10176K, reserved 1048576K
}

Dll operation events (14 events):
Event: 0.042 Loaded shared library c:\Users\Student\.vscode\extensions\redhat.java-1.52.0-win32-x64\jre\21.0.9-win32-x86_64\bin\java.dll
Event: 0.235 Loaded shared library c:\Users\Student\.vscode\extensions\redhat.java-1.52.0-win32-x64\jre\21.0.9-win32-x86_64\bin\zip.dll
Event: 0.369 Loaded shared library C:\Users\Student\.vscode\extensions\redhat.java-1.52.0-win32-x64\jre\21.0.9-win32-x86_64\bin\instrument.dll
Event: 0.547 Loaded shared library C:\Users\Student\.vscode\extensions\redhat.java-1.52.0-win32-x64\jre\21.0.9-win32-x86_64\bin\net.dll
Event: 0.646 Loaded shared library C:\Users\Student\.vscode\extensions\redhat.java-1.52.0-win32-x64\jre\21.0.9-win32-x86_64\bin\nio.dll
Event: 0.686 Loaded shared library C:\Users\Student\.vscode\extensions\redhat.java-1.52.0-win32-x64\jre\21.0.9-win32-x86_64\bin\zip.dll
Event: 0.840 Loaded shared library C:\Users\Student\.vscode\extensions\redhat.java-1.52.0-win32-x64\jre\21.0.9-win32-x86_64\bin\jimage.dll
Event: 1.212 Loaded shared library c:\Users\Student\.vscode\extensions\redhat.java-1.52.0-win32-x64\jre\21.0.9-win32-x86_64\bin\verify.dll
Event: 25.593 Loaded shared library C:\Users\Student\AppData\Roaming\Code\User\globalStorage\redhat.java\1.52.0\config_win\org.eclipse.equinox.launcher\org.eclipse.equinox.launcher.win32.win32.x86_64_1.2.1500.v20260121-1430\eclipse_11919.dll
Event: 62.159 Loaded shared library C:\Users\Student\.vscode\extensions\redhat.java-1.52.0-win32-x64\jre\21.0.9-win32-x86_64\bin\management.dll
Event: 62.164 Loaded shared library C:\Users\Student\.vscode\extensions\redhat.java-1.52.0-win32-x64\jre\21.0.9-win32-x86_64\bin\management_ext.dll
Event: 68.253 Loaded shared library C:\Users\Student\AppData\Local\Temp\jna--214492645\jna3733766640585814419.dll
Event: 70.296 Loaded shared library C:\Users\Student\.vscode\extensions\redhat.java-1.52.0-win32-x64\jre\21.0.9-win32-x86_64\bin\sunmscapi.dll
Event: 70.862 Loaded shared library C:\Users\Student\.vscode\extensions\redhat.java-1.52.0-win32-x64\jre\21.0.9-win32-x86_64\bin\extnet.dll

Deoptimization events (20 events):
Event: 18235.213 Thread 0x000001f687ac70b0 DEOPT PACKING pc=0x000001f6b2efe904 sp=0x0000007389ffdef0
Event: 18235.213 Thread 0x000001f687ac70b0 DEOPT UNPACKING pc=0x000001f6b0c13a9c sp=0x0000007389ffdeb8 mode 2
Event: 18235.213 Thread 0x000001f687ac70b0 Uncommon trap: trap_request=0xffffffbe fr.pc=0x000001f6b2efe904 relative=0x0000000000000804
Event: 18235.213 Thread 0x000001f687ac70b0 Uncommon trap: reason=profile_predicate action=maybe_recompile pc=0x000001f6b2efe904 method=org.eclipse.jdt.internal.compiler.lookup.Scope.getMatchingUninitializedType(Lorg/eclipse/jdt/internal/compiler/lookup/TypeBinding;Z)Lorg/eclipse/jdt/internal/compi
Event: 18235.213 Thread 0x000001f687ac70b0 DEOPT PACKING pc=0x000001f6b2efe904 sp=0x0000007389ffdef0
Event: 18235.213 Thread 0x000001f687ac70b0 DEOPT UNPACKING pc=0x000001f6b0c13a9c sp=0x0000007389ffdeb8 mode 2
Event: 18235.213 Thread 0x000001f687ac70b0 Uncommon trap: trap_request=0xffffffbe fr.pc=0x000001f6b2efe904 relative=0x0000000000000804
Event: 18235.213 Thread 0x000001f687ac70b0 Uncommon trap: reason=profile_predicate action=maybe_recompile pc=0x000001f6b2efe904 method=org.eclipse.jdt.internal.compiler.lookup.Scope.getMatchingUninitializedType(Lorg/eclipse/jdt/internal/compiler/lookup/TypeBinding;Z)Lorg/eclipse/jdt/internal/compi
Event: 18235.213 Thread 0x000001f687ac70b0 DEOPT PACKING pc=0x000001f6b2efe904 sp=0x0000007389ffdec0
Event: 18235.213 Thread 0x000001f687ac70b0 DEOPT UNPACKING pc=0x000001f6b0c13a9c sp=0x0000007389ffde88 mode 2
Event: 18786.545 Thread 0x000001f687ac7dd0 Uncommon trap: trap_request=0xffffff45 fr.pc=0x000001f6b1216088 relative=0x0000000000000068
Event: 18786.545 Thread 0x000001f687ac7dd0 Uncommon trap: reason=unstable_if action=reinterpret pc=0x000001f6b1216088 method=java.lang.Thread.getContextClassLoader()Ljava/lang/ClassLoader; @ 6 c2
Event: 18786.545 Thread 0x000001f687ac7dd0 DEOPT PACKING pc=0x000001f6b1216088 sp=0x000000738a11e8a0
Event: 18786.545 Thread 0x000001f687ac7dd0 DEOPT UNPACKING pc=0x000001f6b0c13a9c sp=0x000000738a11e828 mode 2
Event: 36882.507 Thread 0x000001f687ac4fe0 DEOPT PACKING pc=0x000001f6ab395446 sp=0x0000007389efee60
Event: 36882.507 Thread 0x000001f687ac4fe0 DEOPT UNPACKING pc=0x000001f6b0c14223 sp=0x0000007389efe348 mode 0
Event: 47847.496 Thread 0x000001f6866ec470 Uncommon trap: trap_request=0xffffff3d fr.pc=0x000001f6b14184b0 relative=0x0000000000000f30
Event: 47847.496 Thread 0x000001f6866ec470 Uncommon trap: reason=unstable_fused_if action=reinterpret pc=0x000001f6b14184b0 method=java.util.GregorianCalendar.computeFields(II)I @ 201 c2
Event: 47847.497 Thread 0x000001f6866ec470 DEOPT PACKING pc=0x000001f6b14184b0 sp=0x000000738b2feb30
Event: 47847.497 Thread 0x000001f6866ec470 DEOPT UNPACKING pc=0x000001f6b0c13a9c sp=0x000000738b2fea28 mode 2

Classes loaded (20 events):
Event: 12260.077 Loading class java/util/concurrent/CompletableFuture$UniCompose
Event: 12260.078 Loading class java/util/concurrent/CompletableFuture$UniCompose done
Event: 12260.078 Loading class java/util/concurrent/CompletableFuture$UniRelay
Event: 12260.078 Loading class java/util/concurrent/CompletableFuture$UniRelay done
Event: 12260.620 Loading class java/util/concurrent/ScheduledThreadPoolExecutor$DelayedWorkQueue$Itr
Event: 12260.620 Loading class java/util/concurrent/ScheduledThreadPoolExecutor$DelayedWorkQueue$Itr done
Event: 12266.237 Loading class java/lang/ProcessHandleImpl$ExitCompletion
Event: 12266.237 Loading class java/lang/ProcessHandleImpl$ExitCompletion done
Event: 12266.238 Loading class java/lang/ProcessHandleImpl$1
Event: 12266.238 Loading class java/lang/ProcessHandleImpl$1 done
Event: 12266.240 Loading class java/util/concurrent/CompletableFuture$UniHandle
Event: 12266.240 Loading class java/util/concurrent/CompletableFuture$UniHandle done
Event: 15657.443 Loading class java/util/DualPivotQuicksort$Sorter
Event: 15657.447 Loading class java/util/DualPivotQuicksort$Sorter done
Event: 15981.401 Loading class java/util/concurrent/ConcurrentHashMap$TreeNode
Event: 15981.405 Loading class java/util/concurrent/ConcurrentHashMap$TreeNode done
Event: 15981.405 Loading class java/util/concurrent/ConcurrentHashMap$TreeBin
Event: 15981.408 Loading class java/util/concurrent/ConcurrentHashMap$TreeBin done
Event: 17479.425 Loading class java/lang/StringLatin1$LinesSpliterator
Event: 17479.427 Loading class java/lang/StringLatin1$LinesSpliterator done

Classes unloaded (20 events):
Event: 15322.972 Thread 0x000001f6a654c2e0 Unloading class 0x000001f6be94c000 'java/lang/invoke/LambdaForm$MH+0x000001f6be94c000'
Event: 15322.972 Thread 0x000001f6a654c2e0 Unloading class 0x000001f6be211400 'java/lang/invoke/LambdaForm$MH+0x000001f6be211400'
Event: 15322.972 Thread 0x000001f6a654c2e0 Unloading class 0x000001f6be170800 'java/lang/invoke/LambdaForm$MH+0x000001f6be170800'
Event: 15322.972 Thread 0x000001f6a654c2e0 Unloading class 0x000001f6be170000 'java/lang/invoke/LambdaForm$MH+0x000001f6be170000'
Event: 15322.973 Thread 0x000001f6a654c2e0 Unloading class 0x000001f6be16fc00 'java/lang/invoke/LambdaForm$MH+0x000001f6be16fc00'
Event: 15322.973 Thread 0x000001f6a654c2e0 Unloading class 0x000001f6be16f800 'java/lang/invoke/LambdaForm$MH+0x000001f6be16f800'
Event: 15322.973 Thread 0x000001f6a654c2e0 Unloading class 0x000001f6be082400 'java/lang/invoke/LambdaForm$MH+0x000001f6be082400'
Event: 15322.973 Thread 0x000001f6a654c2e0 Unloading class 0x000001f6be081c00 'java/lang/invoke/LambdaForm$MH+0x000001f6be081c00'
Event: 15322.973 Thread 0x000001f6a654c2e0 Unloading class 0x000001f6be081800 'java/lang/invoke/LambdaForm$MH+0x000001f6be081800'
Event: 15322.973 Thread 0x000001f6a654c2e0 Unloading class 0x000001f6be081400 'java/lang/invoke/LambdaForm$MH+0x000001f6be081400'
Event: 15322.973 Thread 0x000001f6a654c2e0 Unloading class 0x000001f6be081000 'java/lang/invoke/LambdaForm$MH+0x000001f6be081000'
Event: 15322.973 Thread 0x000001f6a654c2e0 Unloading class 0x000001f6be080800 'java/lang/invoke/LambdaForm$MH+0x000001f6be080800'
Event: 15322.973 Thread 0x000001f6a654c2e0 Unloading class 0x000001f6be080400 'java/lang/invoke/LambdaForm$MH+0x000001f6be080400'
Event: 15322.973 Thread 0x000001f6a654c2e0 Unloading class 0x000001f6be080000 'java/lang/invoke/LambdaForm$MH+0x000001f6be080000'
Event: 15322.973 Thread 0x000001f6a654c2e0 Unloading class 0x000001f6be01f800 'java/lang/invoke/LambdaForm$MH+0x000001f6be01f800'
Event: 15322.974 Thread 0x000001f6a654c2e0 Unloading class 0x000001f6be01e800 'java/lang/invoke/LambdaForm$MH+0x000001f6be01e800'
Event: 15322.974 Thread 0x000001f6a654c2e0 Unloading class 0x000001f6be01e400 'java/lang/invoke/LambdaForm$MH+0x000001f6be01e400'
Event: 15322.974 Thread 0x000001f6a654c2e0 Unloading class 0x000001f6be01dc00 'java/lang/invoke/LambdaForm$MH+0x000001f6be01dc00'
Event: 15322.974 Thread 0x000001f6a654c2e0 Unloading class 0x000001f6be01d400 'java/lang/invoke/LambdaForm$MH+0x000001f6be01d400'
Event: 15322.974 Thread 0x000001f6a654c2e0 Unloading class 0x000001f6be000400 'java/lang/invoke/LambdaForm$MH+0x000001f6be000400'

Classes redefined (0 events):
No events

Internal exceptions (20 events):
Event: 18653.462 Thread 0x000001f687ac4fe0 Exception <a 'sun/nio/fs/WindowsException'{0x00000000d57d6e08}> (0x00000000d57d6e08) 
thrown [s\src\hotspot\share\prims\jni.cpp, line 520]
Event: 18653.462 Thread 0x000001f687ac4fe0 Exception <a 'sun/nio/fs/WindowsException'{0x00000000d57d7770}> (0x00000000d57d7770) 
thrown [s\src\hotspot\share\prims\jni.cpp, line 520]
Event: 18653.473 Thread 0x000001f687ac4fe0 Exception <a 'sun/nio/fs/WindowsException'{0x00000000d57d8658}> (0x00000000d57d8658) 
thrown [s\src\hotspot\share\prims\jni.cpp, line 520]
Event: 18653.474 Thread 0x000001f687ac4fe0 Exception <a 'sun/nio/fs/WindowsException'{0x00000000d57d8d70}> (0x00000000d57d8d70) 
thrown [s\src\hotspot\share\prims\jni.cpp, line 520]
Event: 36815.408 Thread 0x000001f687ac4fe0 Exception <a 'sun/nio/fs/WindowsException'{0x00000000d5692700}> (0x00000000d5692700) 
thrown [s\src\hotspot\share\prims\jni.cpp, line 520]
Event: 36815.411 Thread 0x000001f687ac4fe0 Exception <a 'sun/nio/fs/WindowsException'{0x00000000d5692e38}> (0x00000000d5692e38) 
thrown [s\src\hotspot\share\prims\jni.cpp, line 520]
Event: 36815.418 Thread 0x000001f687ac4fe0 Exception <a 'sun/nio/fs/WindowsException'{0x00000000d5693f98}> (0x00000000d5693f98) 
thrown [s\src\hotspot\share\prims\jni.cpp, line 520]
Event: 36815.418 Thread 0x000001f687ac4fe0 Exception <a 'sun/nio/fs/WindowsException'{0x00000000d5694ba0}> (0x00000000d5694ba0) 
thrown [s\src\hotspot\share\prims\jni.cpp, line 520]
Event: 36815.421 Thread 0x000001f687ac4fe0 Exception <a 'sun/nio/fs/WindowsException'{0x00000000d5696658}> (0x00000000d5696658) 
thrown [s\src\hotspot\share\prims\jni.cpp, line 520]
Event: 36815.421 Thread 0x000001f687ac4fe0 Exception <a 'sun/nio/fs/WindowsException'{0x00000000d5696d70}> (0x00000000d5696d70) 
thrown [s\src\hotspot\share\prims\jni.cpp, line 520]
Event: 36815.421 Thread 0x000001f687ac4fe0 Exception <a 'sun/nio/fs/WindowsException'{0x00000000d5697ed8}> (0x00000000d5697ed8) 
thrown [s\src\hotspot\share\prims\jni.cpp, line 520]
Event: 36815.421 Thread 0x000001f687ac4fe0 Exception <a 'sun/nio/fs/WindowsException'{0x00000000d56985f0}> (0x00000000d56985f0) 
thrown [s\src\hotspot\share\prims\jni.cpp, line 520]
Event: 47804.736 Thread 0x000001f687acabc0 Exception <a 'sun/nio/fs/WindowsException'{0x00000000d57ec1e0}> (0x00000000d57ec1e0) 
thrown [s\src\hotspot\share\prims\jni.cpp, line 520]
Event: 47804.737 Thread 0x000001f687acabc0 Exception <a 'sun/nio/fs/WindowsException'{0x00000000d57ec918}> (0x00000000d57ec918) 
thrown [s\src\hotspot\share\prims\jni.cpp, line 520]
Event: 47804.738 Thread 0x000001f687acabc0 Exception <a 'sun/nio/fs/WindowsException'{0x00000000d57ed828}> (0x00000000d57ed828) 
thrown [s\src\hotspot\share\prims\jni.cpp, line 520]
Event: 47804.739 Thread 0x000001f687acabc0 Exception <a 'sun/nio/fs/WindowsException'{0x00000000d57ee1f0}> (0x00000000d57ee1f0) 
thrown [s\src\hotspot\share\prims\jni.cpp, line 520]
Event: 47804.745 Thread 0x000001f687acabc0 Exception <a 'sun/nio/fs/WindowsException'{0x00000000d57efa58}> (0x00000000d57efa58) 
thrown [s\src\hotspot\share\prims\jni.cpp, line 520]
Event: 47804.745 Thread 0x000001f687acabc0 Exception <a 'sun/nio/fs/WindowsException'{0x00000000d57f0170}> (0x00000000d57f0170) 
thrown [s\src\hotspot\share\prims\jni.cpp, line 520]
Event: 47804.745 Thread 0x000001f687acabc0 Exception <a 'sun/nio/fs/WindowsException'{0x00000000d57f1058}> (0x00000000d57f1058) 
thrown [s\src\hotspot\share\prims\jni.cpp, line 520]
Event: 47804.745 Thread 0x000001f687acabc0 Exception <a 'sun/nio/fs/WindowsException'{0x00000000d57f1770}> (0x00000000d57f1770) 
thrown [s\src\hotspot\share\prims\jni.cpp, line 520]

ZGC Phase Switch (0 events):
No events

VM Operations (20 events):
Event: 47877.090 Executing VM operation: ParallelGCFailedAllocation (Allocation Failure)
Event: 47877.100 Executing VM operation: ParallelGCFailedAllocation (Allocation Failure) done
Event: 47877.444 Executing VM operation: ParallelGCFailedAllocation (Allocation Failure)
Event: 47877.496 Executing VM operation: ParallelGCFailedAllocation (Allocation Failure) done
Event: 47877.511 Executing VM operation: ParallelGCFailedAllocation (Allocation Failure)
Event: 47877.517 Executing VM operation: ParallelGCFailedAllocation (Allocation Failure) done
Event: 47878.334 Executing VM operation: ParallelGCFailedAllocation (Allocation Failure)
Event: 47878.339 Executing VM operation: ParallelGCFailedAllocation (Allocation Failure) done
Event: 47922.055 Executing VM operation: HandshakeAllThreads (HandshakeForDeflation)
Event: 47922.055 Executing VM operation: HandshakeAllThreads (HandshakeForDeflation) done
Event: 47922.056 Executing VM operation: RendezvousGCThreads
Event: 47922.056 Executing VM operation: RendezvousGCThreads done
Event: 77122.118 Executing VM operation: ParallelGCFailedAllocation (Allocation Failure)
Event: 77125.293 Executing VM operation: ParallelGCFailedAllocation (Allocation Failure) done
Event: 77129.883 Executing VM operation: ParallelGCFailedAllocation (Allocation Failure)
Event: 77129.887 Executing VM operation: ParallelGCFailedAllocation (Allocation Failure) done
Event: 77129.966 Executing VM operation: ParallelGCFailedAllocation (Allocation Failure)
Event: 77130.035 Executing VM operation: ParallelGCFailedAllocation (Allocation Failure) done
Event: 77131.047 Executing VM operation: Cleanup
Event: 77131.048 Executing VM operation: Cleanup done

Memory protections (0 events):
No events

Nmethod flushes (20 events):
Event: 15323.517 Thread 0x000001f6a654c2e0 flushing  nmethod 0x000001f6ac466e10
Event: 15323.517 Thread 0x000001f6a654c2e0 flushing osr nmethod 0x000001f6ac48aa90
Event: 15323.517 Thread 0x000001f6a654c2e0 flushing  nmethod 0x000001f6ac4b1990
Event: 15323.517 Thread 0x000001f6a654c2e0 flushing  nmethod 0x000001f6ac4e7490
Event: 15323.517 Thread 0x000001f6a654c2e0 flushing  nmethod 0x000001f6ac4f5510
Event: 15323.517 Thread 0x000001f6a654c2e0 flushing  nmethod 0x000001f6ac4fd690
Event: 15323.517 Thread 0x000001f6a654c2e0 flushing  nmethod 0x000001f6ac504d90
Event: 15323.517 Thread 0x000001f6a654c2e0 flushing  nmethod 0x000001f6ac56d090
Event: 15323.518 Thread 0x000001f6a654c2e0 flushing  nmethod 0x000001f6ac57c990
Event: 15323.518 Thread 0x000001f6a654c2e0 flushing  nmethod 0x000001f6ac58f810
Event: 15323.518 Thread 0x000001f6a654c2e0 flushing  nmethod 0x000001f6ac590c90
Event: 15323.518 Thread 0x000001f6a654c2e0 flushing  nmethod 0x000001f6ac59db90
Event: 15323.518 Thread 0x000001f6a654c2e0 flushing  nmethod 0x000001f6ac5a6810
Event: 15323.518 Thread 0x000001f6a654c2e0 flushing  nmethod 0x000001f6ac5dcc10
Event: 15323.518 Thread 0x000001f6a654c2e0 flushing  nmethod 0x000001f6ac5e5490
Event: 15323.518 Thread 0x000001f6a654c2e0 flushing  nmethod 0x000001f6ac5fc890
Event: 15323.518 Thread 0x000001f6a654c2e0 flushing  nmethod 0x000001f6ac5fe690
Event: 15323.518 Thread 0x000001f6a654c2e0 flushing  nmethod 0x000001f6ac60c390
Event: 15323.518 Thread 0x000001f6a654c2e0 flushing  nmethod 0x000001f6ac60de90
Event: 15323.518 Thread 0x000001f6a654c2e0 flushing  nmethod 0x000001f6ac635010

Events (20 events):
Event: 41707.945 Thread 0x000001f687ac7dd0 Thread added: 0x000001f687ac4fe0
Event: 41707.948 Thread 0x000001f687ac4fe0 Thread added: 0x000001f687acabc0
Event: 41707.977 Thread 0x000001f687ac70b0 Thread exited: 0x000001f687ac70b0
Event: 41737.984 Thread 0x000001f687ac8af0 Thread exited: 0x000001f687ac8af0
Event: 41767.952 Thread 0x000001f687ac7dd0 Thread exited: 0x000001f687ac7dd0
Event: 41827.641 Thread 0x000001f687ac4fe0 Thread exited: 0x000001f687ac4fe0
Event: 41887.649 Thread 0x000001f687acabc0 Thread exited: 0x000001f687acabc0
Event: 47741.110 Thread 0x000001f6866ec470 Thread added: 0x000001f687ac70b0
Event: 47743.660 Thread 0x000001f6866ec470 Thread added: 0x000001f687ac4fe0
Event: 47744.269 Thread 0x000001f6866ec470 Thread added: 0x000001f687acabc0
Event: 47804.835 Thread 0x000001f684423da0 Thread added: 0x000001f687ac7740
Event: 47804.855 Thread 0x000001f687ac7740 Thread added: 0x000001f687ac7dd0
Event: 47804.869 Thread 0x000001f687ac7dd0 Thread added: 0x000001f687ac8af0
Event: 47805.086 Thread 0x000001f687ac7740 Thread added: 0x000001f684dc1a80
Event: 47805.107 Thread 0x000001f687ac8af0 Thread exited: 0x000001f687ac8af0
Event: 47805.725 Thread 0x000001f684dc1a80 Thread added: 0x000001f684dc2110
Event: 47805.732 Thread 0x000001f684dc1a80 Thread exited: 0x000001f684dc1a80
Event: 47938.410 Thread 0x000001f687ac70b0 Thread exited: 0x000001f687ac70b0
Event: 47998.414 Thread 0x000001f687ac4fe0 Thread exited: 0x000001f687ac4fe0
Event: 48058.417 Thread 0x000001f687acabc0 Thread exited: 0x000001f687acabc0


Dynamic libraries:
0x00007ff789ef0000 - 0x00007ff789efe000 	c:\Users\Student\.vscode\extensions\redhat.java-1.52.0-win32-x64\jre\21.0.9-win32-x86_64\bin\java.exe
0x00007ffcf0160000 - 0x00007ffcf03c8000 	C:\WINDOWS\SYSTEM32\ntdll.dll
0x00007ffcee7e0000 - 0x00007ffcee8a9000 	C:\WINDOWS\System32\KERNEL32.DLL
0x00007ffced4d0000 - 0x00007ffced8c1000 	C:\WINDOWS\System32\KERNELBASE.dll
0x00007ffced990000 - 0x00007ffcedadb000 	C:\WINDOWS\System32\ucrtbase.dll
0x00007ffc9f280000 - 0x00007ffc9f298000 	c:\Users\Student\.vscode\extensions\redhat.java-1.52.0-win32-x64\jre\21.0.9-win32-x86_64\bin\jli.dll
0x00007ffcef960000 - 0x00007ffcefb26000 	C:\WINDOWS\System32\USER32.dll
0x00007ffcedcc0000 - 0x00007ffcedce7000 	C:\WINDOWS\System32\win32u.dll
0x00007ffcee5f0000 - 0x00007ffcee61b000 	C:\WINDOWS\System32\GDI32.dll
0x00007ffcedb90000 - 0x00007ffcedcbb000 	C:\WINDOWS\System32\gdi32full.dll
0x00007ffceca40000 - 0x00007ffcecae3000 	C:\WINDOWS\System32\msvcp_win.dll
0x00007ffc9f260000 - 0x00007ffc9f27e000 	c:\Users\Student\.vscode\extensions\redhat.java-1.52.0-win32-x64\jre\21.0.9-win32-x86_64\bin\VCRUNTIME140.dll
0x00007ffcd9280000 - 0x00007ffcd9513000 	C:\WINDOWS\WinSxS\amd64_microsoft.windows.common-controls_6595b64144ccf1df_6.0.26100.7824_none_3e0870b2e3345462\COMCTL32.dll
0x00007ffcefb30000 - 0x00007ffcefbd9000 	C:\WINDOWS\System32\msvcrt.dll
0x00007ffcefbe0000 - 0x00007ffcefc11000 	C:\WINDOWS\System32\IMM32.DLL
0x00007ffcba540000 - 0x00007ffcba54c000 	c:\Users\Student\.vscode\extensions\redhat.java-1.52.0-win32-x64\jre\21.0.9-win32-x86_64\bin\vcruntime140_1.dll
0x00007ffc92dc0000 - 0x00007ffc92e4d000 	c:\Users\Student\.vscode\extensions\redhat.java-1.52.0-win32-x64\jre\21.0.9-win32-x86_64\bin\msvcp140.dll
0x00007ffc78950000 - 0x00007ffc796f0000 	c:\Users\Student\.vscode\extensions\redhat.java-1.52.0-win32-x64\jre\21.0.9-win32-x86_64\bin\server\jvm.dll
0x00007ffcef2e0000 - 0x00007ffcef394000 	C:\WINDOWS\System32\ADVAPI32.dll
0x00007ffcee8e0000 - 0x00007ffcee986000 	C:\WINDOWS\System32\sechost.dll
0x00007ffcee6a0000 - 0x00007ffcee7b8000 	C:\WINDOWS\System32\RPCRT4.dll
0x00007ffcefe00000 - 0x00007ffcefe74000 	C:\WINDOWS\System32\WS2_32.dll
0x00007ffcec8c0000 - 0x00007ffcec91e000 	C:\WINDOWS\SYSTEM32\POWRPROF.dll
0x00007ffcdd810000 - 0x00007ffcdd845000 	C:\WINDOWS\SYSTEM32\WINMM.dll
0x00007ffce1270000 - 0x00007ffce127b000 	C:\WINDOWS\SYSTEM32\VERSION.dll
0x00007ffcec8a0000 - 0x00007ffcec8b4000 	C:\WINDOWS\SYSTEM32\UMPDC.dll
0x00007ffceb7e0000 - 0x00007ffceb7fb000 	C:\WINDOWS\SYSTEM32\kernel.appcore.dll
0x00007ffcb9460000 - 0x00007ffcb946a000 	c:\Users\Student\.vscode\extensions\redhat.java-1.52.0-win32-x64\jre\21.0.9-win32-x86_64\bin\jimage.dll
0x00007ffcea970000 - 0x00007ffceabb2000 	C:\WINDOWS\SYSTEM32\DBGHELP.DLL
0x00007ffcef460000 - 0x00007ffcef7e6000 	C:\WINDOWS\System32\combase.dll
0x00007ffceea00000 - 0x00007ffceead7000 	C:\WINDOWS\System32\OLEAUT32.dll
0x00007ffcd6a70000 - 0x00007ffcd6aab000 	C:\WINDOWS\SYSTEM32\dbgcore.DLL
0x00007ffcedae0000 - 0x00007ffcedb85000 	C:\WINDOWS\System32\bcryptPrimitives.dll
0x00007ffcb93c0000 - 0x00007ffcb93cf000 	c:\Users\Student\.vscode\extensions\redhat.java-1.52.0-win32-x64\jre\21.0.9-win32-x86_64\bin\instrument.dll
0x00007ffc9f240000 - 0x00007ffc9f260000 	c:\Users\Student\.vscode\extensions\redhat.java-1.52.0-win32-x64\jre\21.0.9-win32-x86_64\bin\java.dll
0x00007ffceeaf0000 - 0x00007ffcef242000 	C:\WINDOWS\System32\SHELL32.dll
0x00007ffced360000 - 0x00007ffced4ca000 	C:\WINDOWS\System32\wintypes.dll
0x00007ffcecaf0000 - 0x00007ffced353000 	C:\WINDOWS\System32\windows.storage.dll
0x00007ffcf0020000 - 0x00007ffcf0116000 	C:\WINDOWS\System32\SHCORE.dll
0x00007ffcee990000 - 0x00007ffcee9f7000 	C:\WINDOWS\System32\shlwapi.dll
0x00007ffcec960000 - 0x00007ffcec989000 	C:\WINDOWS\SYSTEM32\profapi.dll
0x00007ffc99ac0000 - 0x00007ffc99ad8000 	c:\Users\Student\.vscode\extensions\redhat.java-1.52.0-win32-x64\jre\21.0.9-win32-x86_64\bin\zip.dll
0x00007ffcb8310000 - 0x00007ffcb8320000 	C:\Users\Student\.vscode\extensions\redhat.java-1.52.0-win32-x64\jre\21.0.9-win32-x86_64\bin\net.dll
0x00007ffce2960000 - 0x00007ffce2a87000 	C:\WINDOWS\SYSTEM32\WINHTTP.dll
0x00007ffcebd50000 - 0x00007ffcebdbb000 	C:\WINDOWS\system32\mswsock.dll
0x00007ffc930a0000 - 0x00007ffc930b6000 	C:\Users\Student\.vscode\extensions\redhat.java-1.52.0-win32-x64\jre\21.0.9-win32-x86_64\bin\nio.dll
0x00007ffcb82b0000 - 0x00007ffcb82c0000 	c:\Users\Student\.vscode\extensions\redhat.java-1.52.0-win32-x64\jre\21.0.9-win32-x86_64\bin\verify.dll
0x00007ffc92c70000 - 0x00007ffc92cb5000 	C:\Users\Student\AppData\Roaming\Code\User\globalStorage\redhat.java\1.52.0\config_win\org.eclipse.equinox.launcher\org.eclipse.equinox.launcher.win32.win32.x86_64_1.2.1500.v20260121-1430\eclipse_11919.dll
0x00007ffcefe80000 - 0x00007ffcf0017000 	C:\WINDOWS\System32\ole32.dll
0x00007ffccf780000 - 0x00007ffccf78a000 	C:\Users\Student\.vscode\extensions\redhat.java-1.52.0-win32-x64\jre\21.0.9-win32-x86_64\bin\management.dll
0x00007ffccf630000 - 0x00007ffccf63c000 	C:\Users\Student\.vscode\extensions\redhat.java-1.52.0-win32-x64\jre\21.0.9-win32-x86_64\bin\management_ext.dll
0x00007ffcee0c0000 - 0x00007ffcee0c8000 	C:\WINDOWS\System32\PSAPI.DLL
0x00007ffcec020000 - 0x00007ffcec03b000 	C:\WINDOWS\SYSTEM32\CRYPTSP.dll
0x00007ffceb740000 - 0x00007ffceb779000 	C:\WINDOWS\system32\rsaenh.dll
0x00007ffcebe00000 - 0x00007ffcebe2b000 	C:\WINDOWS\SYSTEM32\USERENV.dll
0x00007ffcec930000 - 0x00007ffcec95a000 	C:\WINDOWS\SYSTEM32\bcrypt.dll
0x00007ffcec040000 - 0x00007ffcec04c000 	C:\WINDOWS\SYSTEM32\CRYPTBASE.dll
0x00007ffceb250000 - 0x00007ffceb284000 	C:\WINDOWS\SYSTEM32\IPHLPAPI.DLL
0x00007ffcef8f0000 - 0x00007ffcef8fa000 	C:\WINDOWS\System32\NSI.dll
0x00007ffcba020000 - 0x00007ffcba069000 	C:\Users\Student\AppData\Local\Temp\jna--214492645\jna3733766640585814419.dll
0x00007ffce2720000 - 0x00007ffce273e000 	C:\WINDOWS\SYSTEM32\dhcpcsvc6.DLL
0x00007ffce24a0000 - 0x00007ffce24c3000 	C:\WINDOWS\SYSTEM32\dhcpcsvc.DLL
0x00007ffccf410000 - 0x00007ffccf41e000 	C:\Users\Student\.vscode\extensions\redhat.java-1.52.0-win32-x64\jre\21.0.9-win32-x86_64\bin\sunmscapi.dll
0x00007ffcedd80000 - 0x00007ffcedef7000 	C:\WINDOWS\System32\CRYPT32.dll
0x00007ffcec240000 - 0x00007ffcec270000 	C:\WINDOWS\SYSTEM32\ncrypt.dll
0x00007ffcec1f0000 - 0x00007ffcec22f000 	C:\WINDOWS\SYSTEM32\NTASN1.dll
0x00007ffceb2f0000 - 0x00007ffceb41c000 	C:\WINDOWS\SYSTEM32\DNSAPI.dll
0x00007ffcdfe90000 - 0x00007ffcdfe9b000 	C:\Windows\System32\rasadhlp.dll
0x00007ffce1640000 - 0x00007ffce16c6000 	C:\WINDOWS\System32\fwpuclnt.dll
0x00007ffccf400000 - 0x00007ffccf409000 	C:\Users\Student\.vscode\extensions\redhat.java-1.52.0-win32-x64\jre\21.0.9-win32-x86_64\bin\extnet.dll

JVMTI agents:
c:\Users\Student\.vscode\extensions\redhat.java-1.52.0-win32-x64\lombok\lombok-1.18.39-4050.jar path:c:\Users\Student\.vscode\extensions\redhat.java-1.52.0-win32-x64\jre\21.0.9-win32-x86_64\bin\instrument.dll, loaded, initialized, instrumentlib options:none

dbghelp: loaded successfully - version: 4.0.5 - missing functions: none
symbol engine: initialized successfully - sym options: 0x614 - pdb path: .;c:\Users\Student\.vscode\extensions\redhat.java-1.52.0-win32-x64\jre\21.0.9-win32-x86_64\bin;C:\WINDOWS\SYSTEM32;C:\WINDOWS\WinSxS\amd64_microsoft.windows.common-controls_6595b64144ccf1df_6.0.26100.7824_none_3e0870b2e3345462;c:\Users\Student\.vscode\extensions\redhat.java-1.52.0-win32-x64\jre\21.0.9-win32-x86_64\bin\server;C:\Users\Student\AppData\Roaming\Code\User\globalStorage\redhat.java\1.52.0\config_win\org.eclipse.equinox.launcher\org.eclipse.equinox.launcher.win32.win32.x86_64_1.2.1500.v20260121-1430;C:\Users\Student\AppData\Local\Temp\jna--214492645

VM Arguments:
jvm_args: --add-modules=ALL-SYSTEM --add-opens=java.base/java.util=ALL-UNNAMED --add-opens=java.base/java.lang=ALL-UNNAMED --add-opens=java.base/sun.nio.fs=ALL-UNNAMED -Declipse.application=org.eclipse.jdt.ls.core.id1 -Dosgi.bundles.defaultStartLevel=4 -Declipse.product=org.eclipse.jdt.ls.core.product -Djava.import.generatesMetadataFilesAtProjectRoot=false -DDetectVMInstallationsJob.disabled=true -Dfile.encoding=utf8 -XX:+UseParallelGC -XX:GCTimeRatio=4 -XX:AdaptiveSizePolicyWeight=90 -Dsun.zip.disableMemoryMapping=true -Xmx2G -Xms100m -Xlog:disable -javaagent:c:\Users\Student\.vscode\extensions\redhat.java-1.52.0-win32-x64\lombok\lombok-1.18.39-4050.jar -XX:+HeapDumpOnOutOfMemoryError -XX:HeapDumpPath=c:\Users\Student\AppData\Roaming\Code\User\workspaceStorage\e046384e3b6ba57a321a5f191021faef\redhat.java -Daether.dependencyCollector.impl=bf 
java_command: c:\Users\Student\.vscode\extensions\redhat.java-1.52.0-win32-x64\server\plugins\org.eclipse.equinox.launcher_1.7.100.v20251111-0406.jar -configuration c:\Users\Student\AppData\Roaming\Code\User\globalStorage\redhat.java\1.52.0\config_win -data c:\Users\Student\AppData\Roaming\Code\User\workspaceStorage\e046384e3b6ba57a321a5f191021faef\redhat.java\jdt_ws --pipe=\\.\pipe\lsp-e35999b764e7042667d89f23689b2696-sock
java_class_path (initial): c:\Users\Student\.vscode\extensions\redhat.java-1.52.0-win32-x64\server\plugins\org.eclipse.equinox.launcher_1.7.100.v20251111-0406.jar
Launcher Type: SUN_STANDARD

[Global flags]
    uintx AdaptiveSizePolicyWeight                 = 90                                        {product} {command line}
     intx CICompilerCount                          = 3                                         {product} {ergonomic}
    uintx GCTimeRatio                              = 4                                         {product} {command line}
     bool HeapDumpOnOutOfMemoryError               = true                                   {manageable} {command line}
    ccstr HeapDumpPath                             = c:\Users\Student\AppData\Roaming\Code\User\workspaceStorage\e046384e3b6ba57a321a5f191021faef\redhat.java         {manageable} {command line}
   size_t InitialHeapSize                          = 104857600                                 {product} {command line}
   size_t MaxHeapSize                              = 2147483648                                {product} {command line}
   size_t MaxNewSize                               = 715653120                                 {product} {ergonomic}
   size_t MinHeapDeltaBytes                        = 524288                                    {product} {ergonomic}
   size_t MinHeapSize                              = 104857600                                 {product} {command line}
   size_t NewSize                                  = 34603008                                  {product} {ergonomic}
    uintx NonNMethodCodeHeapSize                   = 5832780                                {pd product} {ergonomic}
    uintx NonProfiledCodeHeapSize                  = 122912730                              {pd product} {ergonomic}
   size_t OldSize                                  = 70254592                                  {product} {ergonomic}
    uintx ProfiledCodeHeapSize                     = 122912730                              {pd product} {ergonomic}
    uintx ReservedCodeCacheSize                    = 251658240                              {pd product} {ergonomic}
     bool SegmentedCodeCache                       = true                                      {product} {ergonomic}
   size_t SoftMaxHeapSize                          = 2147483648                             {manageable} {ergonomic}
     bool UseCompressedOops                        = true                           {product lp64_product} {ergonomic}
     bool UseLargePagesIndividualAllocation        = false                                  {pd product} {ergonomic}
     bool UseParallelGC                            = true                                      {product} {command line}

Logging:
Log output configuration:
 #0: stdout all=off uptime,level,tags foldmultilines=false
 #1: stderr all=off uptime,level,tags foldmultilines=false

Release file:
JAVA_VERSION="21.0.9" 
MODULES="java.base java.compiler java.datatransfer java.xml java.prefs java.desktop java.instrument java.logging java.management java.security.sasl java.naming java.rmi java.management.rmi java.net.http java.scripting java.security.jgss java.transaction.xa java.sql java.sql.rowset java.xml.crypto java.se java.smartcardio jdk.accessibility jdk.internal.jvmstat jdk.attach jdk.charsets jdk.internal.opt jdk.zipfs jdk.compiler jdk.crypto.ec jdk.crypto.cryptoki jdk.crypto.mscapi jdk.dynalink jdk.internal.ed jdk.editpad jdk.hotspot.agent jdk.httpserver jdk.internal.le jdk.internal.vm.ci jdk.internal.vm.compiler jdk.internal.vm.compiler.management jdk.jartool jdk.javadoc jdk.jcmd jdk.management jdk.management.agent jdk.jconsole jdk.jdeps jdk.jdwp.agent jdk.jdi jdk.jfr jdk.jshell jdk.jsobject jdk.jstatd jdk.localedata jdk.management.jfr jdk.naming.dns jdk.naming.rmi jdk.net jdk.nio.mapmode jdk.random jdk.sctp jdk.security.auth jdk.security.jgss jdk.unsupported jdk.unsupported.desktop jdk.xml.dom" 

Environment Variables:
JAVA_HOME=C:\Users\Student\Downloads\jdk-23_windows-x64_bin.zip\jdk-23.0.2
PATH=C:\Program Files\Eclipse Adoptium\jdk-25.0.2.10-hotspot\bin;C:\Program Files\Common Files\Oracle\Java\javapath;C:\WINDOWS\system32;C:\WINDOWS;C:\WINDOWS\System32\Wbem;C:\WINDOWS\System32\WindowsPowerShell\v1.0\;C:\WINDOWS\System32\OpenSSH\;C:\Users\Student\AppData\Local\Microsoft\WindowsApps;C:\Users\Student\AppData\Local\Programs\Microsoft VS Code\bin
USERNAME=Student
OS=Windows_NT
PROCESSOR_IDENTIFIER=Intel64 Family 6 Model 156 Stepping 0, GenuineIntel
TMP=C:\Users\Student\AppData\Local\Temp
TEMP=C:\Users\Student\AppData\Local\Temp




Periodic native trim disabled

---------------  S Y S T E M  ---------------

OS:
 Windows 11 , 64 bit Build 26100 (10.0.26100.7705)
OS uptime: 1 days 11:46 hours

CPU: total 4 (initial active 4) (4 cores per cpu, 1 threads per core) family 6 model 156 stepping 0 microcode 0x24000026, cx8, cmov, fxsr, mmx, 3dnowpref, sse, sse2, sse3, ssse3, sse4.1, sse4.2, popcnt, tsc, tscinvbit, aes, erms, clmul, sha, clflush, clflushopt, clwb, rdtscp, rdpid
Processor Information for the first 4 processors :
  Max Mhz: 1114, Current Mhz: 1114, Mhz Limit: 1114

Memory: 4k page, system-wide physical 7985M (454M free)
TotalPageFile size 23018M (AvailPageFile size 117M)
current process WorkingSet (physical memory assigned to process): 8M, peak: 915M
current process commit charge ("private bytes"): 1466M, peak: 1741M

vm_info: OpenJDK 64-Bit Server VM (21.0.9+10-LTS) for windows-amd64 JRE (21.0.9+10-LTS), built on 2025-10-21T00:00:00Z by "admin" with unknown MS VC++:1942

END.
